#
# There is insufficient memory for the Java Runtime Environment to continue.
# Native memory allocation (malloc) failed to allocate 1336496 bytes for Chunk::new
# Possible reasons:
#   The system is out of physical RAM or swap space
#   The process is running with CompressedOops enabled, and the Java Heap may be blocking the growth of the native heap
# Possible solutions:
#   Reduce memory load on the system
#   Increase physical memory or swap space
#   Check if swap backing store is full
#   Decrease Java heap size (-Xmx/-Xms)
#   Decrease number of Java threads
#   Decrease Java thread stack sizes (-Xss)
#   Set larger code cache with -XX:ReservedCodeCacheSize=
#   JVM is running with Unscaled Compressed Oops mode in which the Java heap is
#     placed in the first 4GB address space. The Java Heap base address is the
#     maximum limit for the native heap growth. Please use -XX:HeapBaseMinAddress
#     to set the Java Heap base and to place the Java Heap above 4GB virtual address.
# This output file may be truncated or incomplete.
#
#  Out of Memory Error (allocation.cpp:389), pid=3620, tid=0x00000000000022e0
#
# JRE version: OpenJDK Runtime Environment (8.0_242-b01) (build 1.8.0_242-release-1644-b01)
# Java VM: OpenJDK 64-Bit Server VM (25.242-b01 mixed mode windows-amd64 compressed oops)
# Failed to write core dump. Minidumps are not enabled by default on client versions of Windows
#

---------------  T H R E A D  ---------------

Current thread (0x000000001675b800):  JavaThread "C2 CompilerThread1" daemon [_thread_in_native, id=8928, stack(0x0000000017eb0000,0x0000000017fb0000)]

Stack: [0x0000000017eb0000,0x0000000017fb0000]
[error occurred during error reporting (printing stack bounds), id 0xc0000005]

Native frames: (J=compiled Java code, j=interpreted, Vv=VM code, C=native code)


Current CompileTask:
C2:  64732 9218       4       java.io.File::<init> (113 bytes)


---------------  P R O C E S S  ---------------

Java Threads: ( => current thread )
  0x000000001d314800 JavaThread "Memory manager" [_thread_blocked, id=7144, stack(0x0000000024fc0000,0x00000000250c0000)]
  0x000000001d311000 JavaThread "Cache worker for Build Output Cleanup Cache (E:\CLIENT\Dimas\Sistem\Data\GoGreen DeliveryBoy v1.6\.gradle\buildOutputCleanup)" [_thread_blocked, id=236, stack(0x0000000023050000,0x0000000023150000)]
  0x000000001d309800 JavaThread "pool-1-thread-1" [_thread_blocked, id=2656, stack(0x0000000001210000,0x0000000001310000)]
  0x000000001d308800 JavaThread "Build operations Thread 4" [_thread_blocked, id=8752, stack(0x0000000022250000,0x0000000022350000)]
  0x000000001d30a000 JavaThread "Build operations Thread 3" [_thread_blocked, id=10952, stack(0x0000000022150000,0x0000000022250000)]
  0x000000001d30e800 JavaThread "Build operations Thread 2" [_thread_blocked, id=9432, stack(0x0000000020e30000,0x0000000020f30000)]
  0x000000001d30f800 JavaThread "Build operations" [_thread_blocked, id=10912, stack(0x0000000020af0000,0x0000000020bf0000)]
  0x000000001d30d000 JavaThread "Cache worker for execution history cache (C:\Users\Ivan Koppong\.gradle\caches\5.6.4\executionHistory)" [_thread_blocked, id=6788, stack(0x00000000203f0000,0x00000000204f0000)]
  0x000000001932e000 JavaThread "Cache worker for cache directory md-rule (C:\Users\Ivan Koppong\.gradle\caches\5.6.4\md-rule)" [_thread_blocked, id=8208, stack(0x00000000202f0000,0x00000000203f0000)]
  0x0000000019332800 JavaThread "Cache worker for cache directory md-supplier (C:\Users\Ivan Koppong\.gradle\caches\5.6.4\md-supplier)" [_thread_blocked, id=4608, stack(0x00000000201f0000,0x00000000202f0000)]
  0x0000000019330000 JavaThread "Cache worker for file hash cache (E:\CLIENT\Dimas\Sistem\Data\GoGreen DeliveryBoy v1.6\.gradle\5.6.4\fileHashes)" [_thread_blocked, id=1752, stack(0x000000001fcf0000,0x000000001fdf0000)]
  0x000000001932d000 JavaThread "Cache worker for journal cache (C:\Users\Ivan Koppong\.gradle\caches\journal-1)" [_thread_blocked, id=3592, stack(0x000000001c4d0000,0x000000001c5d0000)]
  0x0000000019331000 JavaThread "File lock request listener" [_thread_in_native, id=8596, stack(0x000000001c3d0000,0x000000001c4d0000)]
  0x000000001932c000 JavaThread "Cache worker for file hash cache (C:\Users\Ivan Koppong\.gradle\caches\5.6.4\fileHashes)" [_thread_blocked, id=5032, stack(0x000000001c2d0000,0x000000001c3d0000)]
  0x00000000188ac000 JavaThread "Thread-9" [_thread_blocked, id=4152, stack(0x000000001bfd0000,0x000000001c0d0000)]
  0x00000000188aa800 JavaThread "Stdin handler" [_thread_blocked, id=1676, stack(0x000000001bed0000,0x000000001bfd0000)]
  0x00000000188a7800 JavaThread "Asynchronous log dispatcher for DefaultDaemonConnection: socket connection from /127.0.0.1:56666 to /127.0.0.1:56667" [_thread_blocked, id=7252, stack(0x000000001bdd0000,0x000000001bed0000)]
  0x000000001a0ff000 JavaThread "Daemon worker" [_thread_in_vm, id=11376, stack(0x000000001bcd0000,0x000000001bdd0000)]
  0x000000001a0e2000 JavaThread "Cancel handler" [_thread_blocked, id=6892, stack(0x000000001bbd0000,0x000000001bcd0000)]
  0x0000000019bfa800 JavaThread "Handler for socket connection from /127.0.0.1:56666 to /127.0.0.1:56667" [_thread_in_native, id=7360, stack(0x000000001b8d0000,0x000000001b9d0000)]
  0x0000000019bfa000 JavaThread "Daemon" [_thread_blocked, id=7028, stack(0x000000001b7d0000,0x000000001b8d0000)]
  0x0000000019bf8000 JavaThread "Daemon periodic checks" [_thread_blocked, id=1232, stack(0x000000001b6d0000,0x000000001b7d0000)]
  0x000000001911b800 JavaThread "Incoming local TCP Connector on port 56666" [_thread_in_native, id=10668, stack(0x000000001b490000,0x000000001b590000)]
  0x000000001838f800 JavaThread "Daemon health stats" [_thread_blocked, id=9264, stack(0x000000001ae50000,0x000000001af50000)]
  0x00000000167ae000 JavaThread "Service Thread" daemon [_thread_blocked, id=6792, stack(0x00000000184b0000,0x00000000185b0000)]
  0x0000000016762800 JavaThread "C1 CompilerThread2" daemon [_thread_blocked, id=7856, stack(0x0000000017fb0000,0x00000000180b0000)]
=>0x000000001675b800 JavaThread "C2 CompilerThread1" daemon [_thread_in_native, id=8928, stack(0x0000000017eb0000,0x0000000017fb0000)]
  0x0000000016756800 JavaThread "C2 CompilerThread0" daemon [_thread_blocked, id=8664, stack(0x0000000017db0000,0x0000000017eb0000)]
  0x0000000016754000 JavaThread "Attach Listener" daemon [_thread_blocked, id=7784, stack(0x0000000017cb0000,0x0000000017db0000)]
  0x0000000016752800 JavaThread "Signal Dispatcher" daemon [_thread_blocked, id=3892, stack(0x0000000017bb0000,0x0000000017cb0000)]
  0x0000000002ddb800 JavaThread "Finalizer" daemon [_thread_blocked, id=5836, stack(0x00000000179b0000,0x0000000017ab0000)]
  0x0000000016739000 JavaThread "Reference Handler" daemon [_thread_blocked, id=3736, stack(0x00000000178b0000,0x00000000179b0000)]
  0x0000000002ce2800 JavaThread "main" [_thread_blocked, id=3116, stack(0x0000000002be0000,0x0000000002ce0000)]

Other Threads:
  0x0000000016716800 VMThread [stack: 0x00000000177b0000,0x00000000178b0000] [id=2056]
  0x00000000180f8800 WatcherThread [stack: 0x00000000185b0000,0x00000000186b0000] [id=11192]

VM state:not at safepoint (normal execution)

VM Mutex/Monitor currently owned by a thread: None

heap address: 0x00000000a0000000, size: 1536 MB, Compressed Oops mode: 32-bit
Narrow klass base: 0x0000000000000000, Narrow klass shift: 3
Compressed class space size: 1073741824 Address: 0x0000000100000000

Heap:
 PSYoungGen      total 209408K, used 202956K [0x00000000e0000000, 0x00000000ee680000, 0x0000000100000000)
  eden space 188928K, 98% used [0x00000000e0000000,0x00000000eb546700,0x00000000eb880000)
  from space 20480K, 84% used [0x00000000eb880000,0x00000000ec96cbc0,0x00000000ecc80000)
  to   space 19968K, 0% used [0x00000000ecc80000,0x00000000ecc80000,0x00000000ee000000)
 ParOldGen       total 128512K, used 36135K [0x00000000a0000000, 0x00000000a7d80000, 0x00000000e0000000)
  object space 128512K, 28% used [0x00000000a0000000,0x00000000a2349dd0,0x00000000a7d80000)
 Metaspace       used 74947K, capacity 78076K, committed 78336K, reserved 1116160K
  class space    used 10195K, capacity 10945K, committed 11008K, reserved 1048576K

Card table byte_map: [0x00000000121a0000,0x00000000124b0000] byte_map_base: 0x0000000011ca0000

Marking Bits: (ParMarkBitMap*) 0x000000006f0af030
 Begin Bits: [0x0000000012ab0000, 0x00000000142b0000)
 End Bits:   [0x00000000142b0000, 0x0000000015ab0000)

Polling page: 0x0000000001390000

CodeCache: size=245760Kb used=30113Kb max_used=30125Kb free=215646Kb
 bounds [0x0000000002de0000, 0x0000000004b70000, 0x0000000011de0000]
 total_blobs=9416 nmethods=8553 adapters=774
 compilation: enabled

Compilation events (10 events):
Event: 64.697 Thread 0x0000000016762800 nmethod 9429 0x0000000004b603d0 code [0x0000000004b60520, 0x0000000004b60630]
Event: 64.697 Thread 0x0000000016762800 9430       1       org.gradle.api.internal.artifacts.ivyservice.resolveengine.artifact.DefaultArtifactSet::getComponentId (5 bytes)
Event: 64.697 Thread 0x0000000016762800 nmethod 9430 0x0000000004b60690 code [0x0000000004b607e0, 0x0000000004b608f0]
Event: 64.716 Thread 0x0000000016762800 9431       3       com.google.common.cache.LocalCache::usesWriteQueue (5 bytes)
Event: 64.716 Thread 0x0000000016762800 nmethod 9431 0x0000000004b60950 code [0x0000000004b60ac0, 0x0000000004b60cf0]
Event: 64.721 Thread 0x0000000016762800 9432       3       com.google.common.base.CharMatcher$IsEither::matches (22 bytes)
Event: 64.721 Thread 0x0000000016762800 nmethod 9432 0x0000000004b60d90 code [0x0000000004b60ee0, 0x0000000004b610d0]
Event: 64.724 Thread 0x0000000016756800 9433       4       com.google.common.base.CharMatcher::indexIn (48 bytes)
Event: 64.728 Thread 0x0000000016762800 9434       3       com.google.common.base.Splitter::splitToList (49 bytes)
Event: 64.729 Thread 0x0000000016762800 nmethod 9434 0x0000000004b61150 code [0x0000000004b61400, 0x0000000004b62758]

GC Heap History (10 events):
Event: 23.641 GC heap before
{Heap before GC invocations=12 (full 2):
 PSYoungGen      total 136704K, used 125952K [0x00000000e0000000, 0x00000000eb180000, 0x0000000100000000)
  eden space 125952K, 100% used [0x00000000e0000000,0x00000000e7b00000,0x00000000e7b00000)
  from space 10752K, 0% used [0x00000000e7b00000,0x00000000e7b00000,0x00000000e8580000)
  to   space 12800K, 0% used [0x00000000ea500000,0x00000000ea500000,0x00000000eb180000)
 ParOldGen       total 86528K, used 19220K [0x00000000a0000000, 0x00000000a5480000, 0x00000000e0000000)
  object space 86528K, 22% used [0x00000000a0000000,0x00000000a12c5278,0x00000000a5480000)
 Metaspace       used 40751K, capacity 42200K, committed 42496K, reserved 1085440K
  class space    used 5465K, capacity 5832K, committed 5888K, reserved 1048576K
Event: 23.664 GC heap after
Heap after GC invocations=12 (full 2):
 PSYoungGen      total 167936K, used 11322K [0x00000000e0000000, 0x00000000eb500000, 0x0000000100000000)
  eden space 155136K, 0% used [0x00000000e0000000,0x00000000e0000000,0x00000000e9780000)
  from space 12800K, 88% used [0x00000000ea500000,0x00000000eb00e860,0x00000000eb180000)
  to   space 13824K, 0% used [0x00000000e9780000,0x00000000e9780000,0x00000000ea500000)
 ParOldGen       total 86528K, used 19228K [0x00000000a0000000, 0x00000000a5480000, 0x00000000e0000000)
  object space 86528K, 22% used [0x00000000a0000000,0x00000000a12c7278,0x00000000a5480000)
 Metaspace       used 40751K, capacity 42200K, committed 42496K, reserved 1085440K
  class space    used 5465K, capacity 5832K, committed 5888K, reserved 1048576K
}
Event: 38.834 GC heap before
{Heap before GC invocations=13 (full 2):
 PSYoungGen      total 167936K, used 166458K [0x00000000e0000000, 0x00000000eb500000, 0x0000000100000000)
  eden space 155136K, 100% used [0x00000000e0000000,0x00000000e9780000,0x00000000e9780000)
  from space 12800K, 88% used [0x00000000ea500000,0x00000000eb00e860,0x00000000eb180000)
  to   space 13824K, 0% used [0x00000000e9780000,0x00000000e9780000,0x00000000ea500000)
 ParOldGen       total 86528K, used 19228K [0x00000000a0000000, 0x00000000a5480000, 0x00000000e0000000)
  object space 86528K, 22% used [0x00000000a0000000,0x00000000a12c7278,0x00000000a5480000)
 Metaspace       used 55802K, capacity 57538K, committed 57728K, reserved 1099776K
  class space    used 7295K, capacity 7735K, committed 7808K, reserved 1048576K
Event: 38.884 GC heap after
Heap after GC invocations=13 (full 2):
 PSYoungGen      total 168960K, used 13801K [0x00000000e0000000, 0x00000000ee000000, 0x0000000100000000)
  eden space 155136K, 0% used [0x00000000e0000000,0x00000000e0000000,0x00000000e9780000)
  from space 13824K, 99% used [0x00000000e9780000,0x00000000ea4fa570,0x00000000ea500000)
  to   space 19968K, 0% used [0x00000000ecc80000,0x00000000ecc80000,0x00000000ee000000)
 ParOldGen       total 86528K, used 30965K [0x00000000a0000000, 0x00000000a5480000, 0x00000000e0000000)
  object space 86528K, 35% used [0x00000000a0000000,0x00000000a1e3d498,0x00000000a5480000)
 Metaspace       used 55802K, capacity 57538K, committed 57728K, reserved 1099776K
  class space    used 7295K, capacity 7735K, committed 7808K, reserved 1048576K
}
Event: 41.148 GC heap before
{Heap before GC invocations=14 (full 2):
 PSYoungGen      total 168960K, used 86516K [0x00000000e0000000, 0x00000000ee000000, 0x0000000100000000)
  eden space 155136K, 46% used [0x00000000e0000000,0x00000000e4702b18,0x00000000e9780000)
  from space 13824K, 99% used [0x00000000e9780000,0x00000000ea4fa570,0x00000000ea500000)
  to   space 19968K, 0% used [0x00000000ecc80000,0x00000000ecc80000,0x00000000ee000000)
 ParOldGen       total 86528K, used 30965K [0x00000000a0000000, 0x00000000a5480000, 0x00000000e0000000)
  object space 86528K, 35% used [0x00000000a0000000,0x00000000a1e3d498,0x00000000a5480000)
 Metaspace       used 57035K, capacity 58976K, committed 59160K, reserved 1099776K
  class space    used 7487K, capacity 7942K, committed 8064K, reserved 1048576K
Event: 41.205 GC heap after
Heap after GC invocations=14 (full 2):
 PSYoungGen      total 208896K, used 14423K [0x00000000e0000000, 0x00000000ee680000, 0x0000000100000000)
  eden space 188928K, 0% used [0x00000000e0000000,0x00000000e0000000,0x00000000eb880000)
  from space 19968K, 72% used [0x00000000ecc80000,0x00000000eda95e60,0x00000000ee000000)
  to   space 20480K, 0% used [0x00000000eb880000,0x00000000eb880000,0x00000000ecc80000)
 ParOldGen       total 86528K, used 36379K [0x00000000a0000000, 0x00000000a5480000, 0x00000000e0000000)
  object space 86528K, 42% used [0x00000000a0000000,0x00000000a2386d88,0x00000000a5480000)
 Metaspace       used 57035K, capacity 58976K, committed 59160K, reserved 1099776K
  class space    used 7487K, capacity 7942K, committed 8064K, reserved 1048576K
}
Event: 41.205 GC heap before
{Heap before GC invocations=15 (full 3):
 PSYoungGen      total 208896K, used 14423K [0x00000000e0000000, 0x00000000ee680000, 0x0000000100000000)
  eden space 188928K, 0% used [0x00000000e0000000,0x00000000e0000000,0x00000000eb880000)
  from space 19968K, 72% used [0x00000000ecc80000,0x00000000eda95e60,0x00000000ee000000)
  to   space 20480K, 0% used [0x00000000eb880000,0x00000000eb880000,0x00000000ecc80000)
 ParOldGen       total 86528K, used 36379K [0x00000000a0000000, 0x00000000a5480000, 0x00000000e0000000)
  object space 86528K, 42% used [0x00000000a0000000,0x00000000a2386d88,0x00000000a5480000)
 Metaspace       used 57035K, capacity 58976K, committed 59160K, reserved 1099776K
  class space    used 7487K, capacity 7942K, committed 8064K, reserved 1048576K
Event: 41.561 GC heap after
Heap after GC invocations=15 (full 3):
 PSYoungGen      total 208896K, used 0K [0x00000000e0000000, 0x00000000ee680000, 0x0000000100000000)
  eden space 188928K, 0% used [0x00000000e0000000,0x00000000e0000000,0x00000000eb880000)
  from space 19968K, 0% used [0x00000000ecc80000,0x00000000ecc80000,0x00000000ee000000)
  to   space 20480K, 0% used [0x00000000eb880000,0x00000000eb880000,0x00000000ecc80000)
 ParOldGen       total 128512K, used 36127K [0x00000000a0000000, 0x00000000a7d80000, 0x00000000e0000000)
  object space 128512K, 28% used [0x00000000a0000000,0x00000000a2347dd0,0x00000000a7d80000)
 Metaspace       used 57026K, capacity 58946K, committed 59160K, reserved 1099776K
  class space    used 7484K, capacity 7937K, committed 8064K, reserved 1048576K
}
Event: 54.951 GC heap before
{Heap before GC invocations=16 (full 3):
 PSYoungGen      total 208896K, used 188928K [0x00000000e0000000, 0x00000000ee680000, 0x0000000100000000)
  eden space 188928K, 100% used [0x00000000e0000000,0x00000000eb880000,0x00000000eb880000)
  from space 19968K, 0% used [0x00000000ecc80000,0x00000000ecc80000,0x00000000ee000000)
  to   space 20480K, 0% used [0x00000000eb880000,0x00000000eb880000,0x00000000ecc80000)
 ParOldGen       total 128512K, used 36127K [0x00000000a0000000, 0x00000000a7d80000, 0x00000000e0000000)
  object space 128512K, 28% used [0x00000000a0000000,0x00000000a2347dd0,0x00000000a7d80000)
 Metaspace       used 64733K, capacity 67456K, committed 67712K, reserved 1107968K
  class space    used 8662K, capacity 9341K, committed 9344K, reserved 1048576K
Event: 54.981 GC heap after
Heap after GC invocations=16 (full 3):
 PSYoungGen      total 209408K, used 17330K [0x00000000e0000000, 0x00000000ee680000, 0x0000000100000000)
  eden space 188928K, 0% used [0x00000000e0000000,0x00000000e0000000,0x00000000eb880000)
  from space 20480K, 84% used [0x00000000eb880000,0x00000000ec96cbc0,0x00000000ecc80000)
  to   space 19968K, 0% used [0x00000000ecc80000,0x00000000ecc80000,0x00000000ee000000)
 ParOldGen       total 128512K, used 36135K [0x00000000a0000000, 0x00000000a7d80000, 0x00000000e0000000)
  object space 128512K, 28% used [0x00000000a0000000,0x00000000a2349dd0,0x00000000a7d80000)
 Metaspace       used 64733K, capacity 67456K, committed 67712K, reserved 1107968K
  class space    used 8662K, capacity 9341K, committed 9344K, reserved 1048576K
}

Deoptimization events (10 events):
Event: 63.883 Thread 0x000000001a0ff000 Uncommon trap: reason=unstable_if action=reinterpret pc=0x0000000003d06ae0 method=java.util.regex.Matcher.find()Z @ 10
Event: 63.906 Thread 0x000000001a0ff000 Uncommon trap: reason=unstable_if action=reinterpret pc=0x0000000003ce1244 method=java.lang.Integer.parseInt(Ljava/lang/String;I)I @ 197
Event: 63.929 Thread 0x000000001a0ff000 Uncommon trap: reason=unstable_if action=reinterpret pc=0x0000000004a6cb60 method=com.sun.org.apache.xerces.internal.impl.XMLEntityScanner.scanContent(Lcom/sun/org/apache/xerces/internal/xni/XMLString;)I @ 526
Event: 63.939 Thread 0x000000001a0ff000 Uncommon trap: reason=unstable_if action=reinterpret pc=0x00000000030d7cac method=java.lang.Integer.parseInt(Ljava/lang/String;I)I @ 197
Event: 64.375 Thread 0x000000001a0ff000 Uncommon trap: reason=unstable_if action=reinterpret pc=0x000000000497ae3c method=java.lang.String.lastIndexOf([CII[CIII)I @ 135
Event: 64.392 Thread 0x000000001a0ff000 Uncommon trap: reason=unstable_if action=reinterpret pc=0x00000000046ed36c method=org.codehaus.groovy.runtime.InvokerHelper.write(Ljava/io/Writer;Ljava/lang/Object;)V @ 46
Event: 64.703 Thread 0x000000001a0ff000 Uncommon trap: reason=bimorphic action=maybe_recompile pc=0x0000000003c1fedc method=com.google.common.collect.ImmutableList.hashCode()I @ 23
Event: 64.713 Thread 0x000000001a0ff000 Uncommon trap: reason=predicate action=maybe_recompile pc=0x0000000003381348 method=com.google.common.base.CharMatcher.indexIn(Ljava/lang/CharSequence;I)I @ 22
Event: 64.716 Thread 0x000000001a0ff000 Uncommon trap: reason=bimorphic action=maybe_recompile pc=0x0000000003c1fedc method=com.google.common.collect.ImmutableList.hashCode()I @ 23
Event: 64.721 Thread 0x000000001a0ff000 Uncommon trap: reason=bimorphic action=maybe_recompile pc=0x0000000003c1fedc method=com.google.common.collect.ImmutableList.hashCode()I @ 23

Classes redefined (0 events):
No events

Internal exceptions (10 events):
Event: 62.597 Thread 0x000000001a0ff000 Exception <a 'java/lang/ClassNotFoundException': org/gradle/api/JavaVersionBeanInfo> (0x00000000e7dde750) thrown at [C:\src\AOSP-openjdk-git\hotspot\src\share\vm\classfile\systemDictionary.cpp, line 210]
Event: 62.597 Thread 0x000000001a0ff000 Exception <a 'java/lang/ClassNotFoundException': org/gradle/api/JavaVersionCustomizer> (0x00000000e7df15d0) thrown at [C:\src\AOSP-openjdk-git\hotspot\src\share\vm\classfile\systemDictionary.cpp, line 210]
Event: 62.609 Thread 0x000000001a0ff000 Exception <a 'java/lang/ClassNotFoundException': java/lang/SystemBeanInfo> (0x00000000e7e416e0) thrown at [C:\src\AOSP-openjdk-git\hotspot\src\share\vm\classfile\systemDictionary.cpp, line 210]
Event: 62.610 Thread 0x000000001a0ff000 Exception <a 'java/lang/ClassNotFoundException': java/lang/SystemCustomizer> (0x00000000e7e499b8) thrown at [C:\src\AOSP-openjdk-git\hotspot\src\share\vm\classfile\systemDictionary.cpp, line 210]
Event: 62.636 Thread 0x000000001a0ff000 Exception <a 'java/lang/ClassNotFoundException': org/gradle/api/tasks/SourceSetBeanInfo> (0x00000000e7ee06c0) thrown at [C:\src\AOSP-openjdk-git\hotspot\src\share\vm\classfile\systemDictionary.cpp, line 210]
Event: 62.640 Thread 0x000000001a0ff000 Exception <a 'java/lang/ClassNotFoundException': org/gradle/api/tasks/SourceSetCustomizer> (0x00000000e7f03080) thrown at [C:\src\AOSP-openjdk-git\hotspot\src\share\vm\classfile\systemDictionary.cpp, line 210]
Event: 63.303 Thread 0x000000001a0ff000 Exception <a 'java/lang/ClassNotFoundException': com/sun/org/glassfish/hk2/osgiresourcelocator/ServiceLoader> (0x00000000e8d5bf98) thrown at [C:\src\AOSP-openjdk-git\hotspot\src\share\vm\classfile\systemDictionary.cpp, line 210]
Event: 63.378 Thread 0x000000001a0ff000 Exception <a 'java/lang/NullPointerException'> (0x00000000e92550f8) thrown at [C:\src\AOSP-openjdk-git\hotspot\src\share\vm\interpreter\linkResolver.cpp, line 1287]
Event: 64.290 Thread 0x000000001a0ff000 Exception <a 'java/lang/NoSuchMethodError': java.lang.Object.lambda$minBy$0(Ljava/util/Comparator;Ljava/lang/Object;Ljava/lang/Object;)Ljava/lang/Object;> (0x00000000ea88d1c0) thrown at [C:\src\AOSP-openjdk-git\hotspot\src\share\vm\interpreter\linkResolve
Event: 64.346 Thread 0x000000001a0ff000 Exception <a 'java/lang/reflect/InvocationTargetException'> (0x00000000eaa81988) thrown at [C:\src\AOSP-openjdk-git\hotspot\src\share\vm\runtime\reflection.cpp, line 1092]

Events (10 events):
Event: 64.718 loading class org/gradle/api/internal/file/pattern/HasPrefixPatternStep done
Event: 64.719 loading class org/gradle/api/internal/file/pattern/FixedPatternStep
Event: 64.719 loading class org/gradle/api/internal/file/pattern/FixedPatternStep done
Event: 64.720 loading class org/gradle/api/internal/file/pattern/AnythingMatcher
Event: 64.720 loading class org/gradle/api/internal/file/pattern/AnythingMatcher done
Event: 64.721 Thread 0x000000001a0ff000 Uncommon trap: trap_request=0xffffffc6 fr.pc=0x0000000003c1fedc
Event: 64.721 Thread 0x000000001a0ff000 DEOPT PACKING pc=0x0000000003c1fedc sp=0x000000001bdc9a10
Event: 64.721 Thread 0x000000001a0ff000 DEOPT UNPACKING pc=0x0000000002e2557b sp=0x000000001bdc99b0 mode 2
Event: 64.730 loading class org/gradle/api/file/ReproducibleFileVisitor
Event: 64.730 loading class org/gradle/api/file/ReproducibleFileVisitor done


Dynamic libraries:
0x00007ff73d910000 - 0x00007ff73d941000 	C:\Program Files\Android\Android Studio\jre\bin\java.exe
0x00007ffcd6300000 - 0x00007ffcd64f0000 	C:\WINDOWS\SYSTEM32\ntdll.dll
0x00007ffcd5cd0000 - 0x00007ffcd5d83000 	C:\WINDOWS\System32\KERNEL32.DLL
0x00007ffcd3270000 - 0x00007ffcd3515000 	C:\WINDOWS\System32\KERNELBASE.dll
0x00007ffcd5b60000 - 0x00007ffcd5c05000 	C:\WINDOWS\System32\ADVAPI32.dll
0x00007ffcd5c20000 - 0x00007ffcd5cbe000 	C:\WINDOWS\System32\msvcrt.dll
0x00007ffcd44d0000 - 0x00007ffcd4568000 	C:\WINDOWS\System32\sechost.dll
0x00007ffcd5190000 - 0x00007ffcd52ab000 	C:\WINDOWS\System32\RPCRT4.dll
0x00007ffcd4ac0000 - 0x00007ffcd4c54000 	C:\WINDOWS\System32\USER32.dll
0x00007ffcd3bd0000 - 0x00007ffcd3bf1000 	C:\WINDOWS\System32\win32u.dll
0x00007ffcd53b0000 - 0x00007ffcd53d6000 	C:\WINDOWS\System32\GDI32.dll
0x00007ffcd3800000 - 0x00007ffcd3998000 	C:\WINDOWS\System32\gdi32full.dll
0x00007ffcd3550000 - 0x00007ffcd35ee000 	C:\WINDOWS\System32\msvcp_win.dll
0x00007ffcd35f0000 - 0x00007ffcd36ea000 	C:\WINDOWS\System32\ucrtbase.dll
0x00007ffcc0960000 - 0x00007ffcc0be4000 	C:\WINDOWS\WinSxS\amd64_microsoft.windows.common-controls_6595b64144ccf1df_6.0.18362.2037_none_9e7c226de460245a\COMCTL32.dll
0x00007ffcd4e50000 - 0x00007ffcd5186000 	C:\WINDOWS\System32\combase.dll
0x00007ffcd39f0000 - 0x00007ffcd3a74000 	C:\WINDOWS\System32\bcryptPrimitives.dll
0x00007ffcd4d70000 - 0x00007ffcd4d9e000 	C:\WINDOWS\System32\IMM32.DLL
0x000000006e720000 - 0x000000006e7f2000 	C:\Program Files\Android\Android Studio\jre\jre\bin\msvcr100.dll
0x000000006e8e0000 - 0x000000006f12b000 	C:\Program Files\Android\Android Studio\jre\jre\bin\server\jvm.dll
0x00007ffcd5cc0000 - 0x00007ffcd5cc8000 	C:\WINDOWS\System32\PSAPI.DLL
0x00007ffcd0ce0000 - 0x00007ffcd0ce9000 	C:\WINDOWS\SYSTEM32\WSOCK32.dll
0x00007ffcd5340000 - 0x00007ffcd53af000 	C:\WINDOWS\System32\WS2_32.dll
0x00007ffcc8ae0000 - 0x00007ffcc8aea000 	C:\WINDOWS\SYSTEM32\VERSION.dll
0x00007ffccfb20000 - 0x00007ffccfb44000 	C:\WINDOWS\SYSTEM32\WINMM.dll
0x00007ffccfaf0000 - 0x00007ffccfb1d000 	C:\WINDOWS\SYSTEM32\WINMMBASE.dll
0x00007ffcd39a0000 - 0x00007ffcd39ea000 	C:\WINDOWS\System32\cfgmgr32.dll
0x00007ffcd0cc0000 - 0x00007ffcd0ccf000 	C:\Program Files\Android\Android Studio\jre\jre\bin\verify.dll
0x00007ffcba120000 - 0x00007ffcba149000 	C:\Program Files\Android\Android Studio\jre\jre\bin\java.dll
0x00007ffcc5060000 - 0x00007ffcc5076000 	C:\Program Files\Android\Android Studio\jre\jre\bin\zip.dll
0x00007ffcd53e0000 - 0x00007ffcd5ac7000 	C:\WINDOWS\System32\SHELL32.dll
0x00007ffcd4c60000 - 0x00007ffcd4d09000 	C:\WINDOWS\System32\shcore.dll
0x00007ffcd3c20000 - 0x00007ffcd439c000 	C:\WINDOWS\System32\windows.storage.dll
0x00007ffcd3210000 - 0x00007ffcd322e000 	C:\WINDOWS\System32\profapi.dll
0x00007ffcd31c0000 - 0x00007ffcd320a000 	C:\WINDOWS\System32\powrprof.dll
0x00007ffcd31b0000 - 0x00007ffcd31c0000 	C:\WINDOWS\System32\UMPDC.dll
0x00007ffcd4d10000 - 0x00007ffcd4d62000 	C:\WINDOWS\System32\shlwapi.dll
0x00007ffcd3230000 - 0x00007ffcd3241000 	C:\WINDOWS\System32\kernel.appcore.dll
0x00007ffcd3c00000 - 0x00007ffcd3c17000 	C:\WINDOWS\System32\cryptsp.dll
0x00007ffcc1ad0000 - 0x00007ffcc1aea000 	C:\Program Files\Android\Android Studio\jre\jre\bin\net.dll
0x00007ffcd29a0000 - 0x00007ffcd2a07000 	C:\WINDOWS\system32\mswsock.dll
0x00007ffcc1260000 - 0x00007ffcc1273000 	C:\Program Files\Android\Android Studio\jre\jre\bin\nio.dll
0x00007ffcb7510000 - 0x00007ffcb7536000 	C:\Users\Ivan Koppong\.gradle\native\30\windows-amd64\native-platform.dll
0x00007ffccfe60000 - 0x00007ffccfe6d000 	C:\Program Files\Android\Android Studio\jre\jre\bin\management.dll
0x00007ffcd2530000 - 0x00007ffcd2563000 	C:\WINDOWS\system32\rsaenh.dll
0x00007ffcd3520000 - 0x00007ffcd3546000 	C:\WINDOWS\System32\bcrypt.dll
0x00007ffcd30d0000 - 0x00007ffcd30f5000 	C:\WINDOWS\SYSTEM32\USERENV.dll
0x00007ffcd2b20000 - 0x00007ffcd2b2c000 	C:\WINDOWS\SYSTEM32\CRYPTBASE.dll
0x00007ffcd26c0000 - 0x00007ffcd26fa000 	C:\WINDOWS\SYSTEM32\IPHLPAPI.DLL
0x00007ffcd5c10000 - 0x00007ffcd5c18000 	C:\WINDOWS\System32\NSI.dll
0x00007ffcca8c0000 - 0x00007ffcca8d6000 	C:\WINDOWS\SYSTEM32\dhcpcsvc6.DLL
0x00007ffcca620000 - 0x00007ffcca63c000 	C:\WINDOWS\SYSTEM32\dhcpcsvc.DLL
0x00007ffcd2710000 - 0x00007ffcd27da000 	C:\WINDOWS\SYSTEM32\DNSAPI.dll
0x00007ffcc7300000 - 0x00007ffcc7324000 	C:\Program Files\Android\Android Studio\jre\jre\bin\sunec.dll
0x00007ffcc8f00000 - 0x00007ffcc8f0a000 	C:\Windows\System32\rasadhlp.dll
0x00007ffcca6b0000 - 0x00007ffcca727000 	C:\WINDOWS\System32\fwpuclnt.dll
0x00007ffcd0cf0000 - 0x00007ffcd0cfb000 	C:\Program Files\Android\Android Studio\jre\jre\bin\sunmscapi.dll
0x00007ffcd3a80000 - 0x00007ffcd3bca000 	C:\WINDOWS\System32\CRYPT32.dll
0x00007ffcd3250000 - 0x00007ffcd3262000 	C:\WINDOWS\System32\MSASN1.dll

VM Arguments:
jvm_args: -Xmx1536m -Dfile.encoding=windows-1252 -Duser.country=US -Duser.language=en -Duser.variant 
java_command: org.gradle.launcher.daemon.bootstrap.GradleDaemon 5.6.4
java_class_path (initial): C:\Users\Ivan Koppong\.gradle\wrapper\dists\gradle-5.6.4-all\ankdp27end7byghfw1q2sw75f\gradle-5.6.4\lib\gradle-launcher-5.6.4.jar
Launcher Type: SUN_STANDARD

Environment Variables:
JAVA_HOME=C:\Program Files\Android\Android Studio\jre
PATH=C:\Program Files (x86)\Common Files\Intel\Shared Files\cpp\bin\Intel64;C:\Program Files (x86)\Common Files\Oracle\Java\javapath;C:\WINDOWS\system32;C:\WINDOWS;C:\WINDOWS\System32\Wbem;C:\WINDOWS\System32\WindowsPowerShell\v1.0\;C:\Python27\Scripts;C:\WINDOWS\System32\OpenSSH\;C:\Program Files (x86)\QuickTime\QTSystem\;C:\Program Files (x86)\Java\jdk1.8.0\bin;C:\Program Files\nodejs\;C:\Program Files (x86)\Java\jre8\bin;E:\gradle-4.1\bin;C:\Users\Ivan-Koppong\AppData\Local\Android\Sdk\tools;C:\Users\Ivan-Koppong\AppData\Local\Android\Sdk\tools\bin;C:\Users\Ivan-Koppong\AppData\Local\Android\Sdk\platform-tools;E:\MASTER\apache-ant-1.9.14\bin;C:\Program Files (x86)\PuTTY\;E:\Git\cmd;C:\Program Files\Docker\Docker\resources\bin;C:\ProgramData\DockerDesktop\version-bin;C:\Users\Ivan Koppong\AppData\Local\Microsoft\WindowsApps;C:\Program Files (x86)\Java\jdk1.8.0\bin;C:\Users\Ivan Koppong\AppData\Local\Android\Sdk\tools;C:\Users\Ivan Koppong\AppData\Local\Android\Sdk\platform-tools;C:\Users\Ivan Koppong\AppData\Roaming\npm;E:\MASTER\apache-ant-1.9.14\bin;C:\Program Files (x86)\Java\jdk1.8.0;C:\Users\Ivan-Koppong\AppData\Local\Android\Sdk\tools;C:\Users\Ivan-Koppong\AppData\Local\Android\Sdk\tools\bin;C:\Users\Ivan-Koppong\AppData\Local\Android\Sdk\platform-tools;C:\Users\Ivan Koppong\.gradle;E:\MASTER\apache-ant-1.9.14;C:\Users\Ivan Koppong\AppData\Local\Programs\Microsoft VS Code\bin
USERNAME=Ivan Koppong
OS=Windows_NT
PROCESSOR_IDENTIFIER=Intel64 Family 6 Model 58 Stepping 9, GenuineIntel



---------------  S Y S T E M  ---------------

OS: Windows 10.0 , 64 bit Build 18362 (10.0.18362.2037)

CPU:total 4 (initial active 4) (2 cores per cpu, 2 threads per core) family 6 model 58 stepping 9, cmov, cx8, fxsr, mmx, sse, sse2, sse3, ssse3, sse4.1, sse4.2, popcnt, avx, aes, clmul, erms, ht, tsc, tscinvbit, tscinv

Memory: 4k page, physical 8248812k(872048k free), swap 14392812k(5920k free)

vm_info: OpenJDK 64-Bit Server VM (25.242-b01) for windows-amd64 JRE (1.8.0_242-release-1644-b01), built by "builder" with MS VC++ 10.0 (VS2010)

time: Sat Jan 29 15:10:01 2022
timezone: SE Asia Standard Time
elapsed time: 64 seconds (0d 0h 1m 4s)

